# JRE version: OpenJDK Runtime Environment Temurin-17.0.10+7 (17.0.10+7) (build 17.0.10+7)
# Java VM: OpenJDK 64-Bit Server VM Temurin-17.0.10+7 (17.0.10+7, mixed mode, tiered, compressed oops, compressed class ptrs, parallel gc, windows-amd64)
GC Precious Log:
 CPUs: 8 total, 8 available
 Memory: 7991M
 Large Page Support: Disabled
 NUMA Support: Disabled
 Compressed Oops: Enabled (32-bit)
 Alignments: Space 512K, Generation 512K, Heap 2M
 Heap Min Capacity: 100M
 Heap Initial Capacity: 100M
 Heap Max Capacity: 1G
 Pre-touch: Disabled
 Parallel Workers: 8
Heap:
 PSYoungGen      total 25088K, used 11929K [0x00000000eab00000, 0x00000000ec680000, 0x0000000100000000)
  eden space 22528K, 51% used [0x00000000eab00000,0x00000000eb668418,0x00000000ec100000)
  from space 2560K, 9% used [0x00000000ec180000,0x00000000ec1be1c8,0x00000000ec400000)
  to   space 1024K, 0% used [0x00000000ec580000,0x00000000ec580000,0x00000000ec680000)
 ParOldGen       total 285696K, used 258293K [0x00000000c0000000, 0x00000000d1700000, 0x00000000eab00000)
  object space 285696K, 90% used [0x00000000c0000000,0x00000000cfc3d790,0x00000000d1700000)
 Metaspace       used 77152K, committed 78656K, reserved 1179648K
  class space    used 7987K, committed 8640K, reserved 1048576K
GC Heap History (20 events):
Event: 41.657 GC heap before
{Heap before GC invocations=416 (full 20):
 PSYoungGen      total 24064K, used 24041K [0x00000000eab00000, 0x00000000ec880000, 0x0000000100000000)
  eden space 18944K, 100% used [0x00000000eab00000,0x00000000ebd80000,0x00000000ebd80000)
  from space 5120K, 99% used [0x00000000ebf80000,0x00000000ec47a620,0x00000000ec480000)
  to   space 4096K, 0% used [0x00000000ec480000,0x00000000ec480000,0x00000000ec880000)
 ParOldGen       total 285696K, used 249873K [0x00000000c0000000, 0x00000000d1700000, 0x00000000eab00000)
  object space 285696K, 87% used [0x00000000c0000000,0x00000000cf4044c0,0x00000000d1700000)
 Metaspace       used 76529K, committed 78144K, reserved 1179648K
  class space    used 7984K, committed 8640K, reserved 1048576K
}
Event: 41.661 GC heap after
{Heap after GC invocations=416 (full 20):
 PSYoungGen      total 22528K, used 3277K [0x00000000eab00000, 0x00000000ec800000, 0x0000000100000000)
  eden space 18944K, 0% used [0x00000000eab00000,0x00000000eab00000,0x00000000ebd80000)
  from space 3584K, 91% used [0x00000000ec480000,0x00000000ec7b3610,0x00000000ec800000)
  to   space 4096K, 0% used [0x00000000ec000000,0x00000000ec000000,0x00000000ec400000)
 ParOldGen       total 285696K, used 252125K [0x00000000c0000000, 0x00000000d1700000, 0x00000000eab00000)
  object space 285696K, 88% used [0x00000000c0000000,0x00000000cf637518,0x00000000d1700000)
 Metaspace       used 76529K, committed 78144K, reserved 1179648K
  class space    used 7984K, committed 8640K, reserved 1048576K
}
Event: 41.675 GC heap before
{Heap before GC invocations=417 (full 20):
 PSYoungGen      total 22528K, used 22221K [0x00000000eab00000, 0x00000000ec800000, 0x0000000100000000)
  eden space 18944K, 100% used [0x00000000eab00000,0x00000000ebd80000,0x00000000ebd80000)
  from space 3584K, 91% used [0x00000000ec480000,0x00000000ec7b3610,0x00000000ec800000)
  to   space 4096K, 0% used [0x00000000ec000000,0x00000000ec000000,0x00000000ec400000)
 ParOldGen       total 285696K, used 252125K [0x00000000c0000000, 0x00000000d1700000, 0x00000000eab00000)
  object space 285696K, 88% used [0x00000000c0000000,0x00000000cf637518,0x00000000d1700000)
 Metaspace       used 76529K, committed 78144K, reserved 1179648K
  class space    used 7984K, committed 8640K, reserved 1048576K
}
Event: 41.679 GC heap after
{Heap after GC invocations=417 (full 20):
 PSYoungGen      total 25088K, used 3453K [0x00000000eab00000, 0x00000000ec700000, 0x0000000100000000)
  eden space 21504K, 0% used [0x00000000eab00000,0x00000000eab00000,0x00000000ec000000)
  from space 3584K, 96% used [0x00000000ec000000,0x00000000ec35f600,0x00000000ec380000)
  to   space 3584K, 0% used [0x00000000ec380000,0x00000000ec380000,0x00000000ec700000)
 ParOldGen       total 285696K, used 252125K [0x00000000c0000000, 0x00000000d1700000, 0x00000000eab00000)
  object space 285696K, 88% used [0x00000000c0000000,0x00000000cf637518,0x00000000d1700000)
 Metaspace       used 76529K, committed 78144K, reserved 1179648K
  class space    used 7984K, committed 8640K, reserved 1048576K
}
Event: 41.692 GC heap before
{Heap before GC invocations=418 (full 20):
 PSYoungGen      total 25088K, used 24957K [0x00000000eab00000, 0x00000000ec700000, 0x0000000100000000)
  eden space 21504K, 100% used [0x00000000eab00000,0x00000000ec000000,0x00000000ec000000)
  from space 3584K, 96% used [0x00000000ec000000,0x00000000ec35f600,0x00000000ec380000)
  to   space 3584K, 0% used [0x00000000ec380000,0x00000000ec380000,0x00000000ec700000)
 ParOldGen       total 285696K, used 252125K [0x00000000c0000000, 0x00000000d1700000, 0x00000000eab00000)
  object space 285696K, 88% used [0x00000000c0000000,0x00000000cf637518,0x00000000d1700000)
 Metaspace       used 76529K, committed 78144K, reserved 1179648K
  class space    used 7984K, committed 8640K, reserved 1048576K
}
Event: 41.697 GC heap after
{Heap after GC invocations=418 (full 20):
 PSYoungGen      total 26112K, used 1472K [0x00000000eab00000, 0x00000000ec800000, 0x0000000100000000)
  eden space 22528K, 0% used [0x00000000eab00000,0x00000000eab00000,0x00000000ec100000)
  from space 3584K, 41% used [0x00000000ec380000,0x00000000ec4f0000,0x00000000ec700000)
  to   space 2560K, 0% used [0x00000000ec100000,0x00000000ec100000,0x00000000ec380000)
 ParOldGen       total 285696K, used 254345K [0x00000000c0000000, 0x00000000d1700000, 0x00000000eab00000)
  object space 285696K, 89% used [0x00000000c0000000,0x00000000cf8626b0,0x00000000d1700000)
 Metaspace       used 76529K, committed 78144K, reserved 1179648K
  class space    used 7984K, committed 8640K, reserved 1048576K
}
Event: 42.015 GC heap before
{Heap before GC invocations=419 (full 20):
 PSYoungGen      total 26112K, used 23999K [0x00000000eab00000, 0x00000000ec800000, 0x0000000100000000)
  eden space 22528K, 99% used [0x00000000eab00000,0x00000000ec0fffc8,0x00000000ec100000)
  from space 3584K, 41% used [0x00000000ec380000,0x00000000ec4f0000,0x00000000ec700000)
  to   space 2560K, 0% used [0x00000000ec100000,0x00000000ec100000,0x00000000ec380000)
 ParOldGen       total 285696K, used 254345K [0x00000000c0000000, 0x00000000d1700000, 0x00000000eab00000)
  object space 285696K, 89% used [0x00000000c0000000,0x00000000cf8626b0,0x00000000d1700000)
 Metaspace       used 76532K, committed 78144K, reserved 1179648K
  class space    used 7984K, committed 8640K, reserved 1048576K
}
Event: 42.016 GC heap after
{Heap after GC invocations=419 (full 20):
 PSYoungGen      total 25088K, used 2515K [0x00000000eab00000, 0x00000000eca00000, 0x0000000100000000)
  eden space 22528K, 0% used [0x00000000eab00000,0x00000000eab00000,0x00000000ec100000)
  from space 2560K, 98% used [0x00000000ec100000,0x00000000ec374d10,0x00000000ec380000)
  to   space 3072K, 0% used [0x00000000ec700000,0x00000000ec700000,0x00000000eca00000)
 ParOldGen       total 285696K, used 254985K [0x00000000c0000000, 0x00000000d1700000, 0x00000000eab00000)
  object space 285696K, 89% used [0x00000000c0000000,0x00000000cf9026b0,0x00000000d1700000)
 Metaspace       used 76532K, committed 78144K, reserved 1179648K
  class space    used 7984K, committed 8640K, reserved 1048576K
}
Event: 42.168 GC heap before
{Heap before GC invocations=420 (full 20):
 PSYoungGen      total 25088K, used 25043K [0x00000000eab00000, 0x00000000eca00000, 0x0000000100000000)
  eden space 22528K, 100% used [0x00000000eab00000,0x00000000ec100000,0x00000000ec100000)
  from space 2560K, 98% used [0x00000000ec100000,0x00000000ec374d10,0x00000000ec380000)
  to   space 3072K, 0% used [0x00000000ec700000,0x00000000ec700000,0x00000000eca00000)
 ParOldGen       total 285696K, used 254985K [0x00000000c0000000, 0x00000000d1700000, 0x00000000eab00000)
  object space 285696K, 89% used [0x00000000c0000000,0x00000000cf9026b0,0x00000000d1700000)
 Metaspace       used 76718K, committed 78272K, reserved 1179648K
  class space    used 7984K, committed 8640K, reserved 1048576K
}
Event: 42.170 GC heap after
{Heap after GC invocations=420 (full 20):
 PSYoungGen      total 24064K, used 1076K [0x00000000eab00000, 0x00000000ec880000, 0x0000000100000000)
  eden space 22528K, 0% used [0x00000000eab00000,0x00000000eab00000,0x00000000ec100000)
  from space 1536K, 70% used [0x00000000ec700000,0x00000000ec80d200,0x00000000ec880000)
  to   space 2048K, 0% used [0x00000000ec480000,0x00000000ec480000,0x00000000ec680000)
 ParOldGen       total 285696K, used 255417K [0x00000000c0000000, 0x00000000d1700000, 0x00000000eab00000)
  object space 285696K, 89% used [0x00000000c0000000,0x00000000cf96e6b0,0x00000000d1700000)
 Metaspace       used 76718K, committed 78272K, reserved 1179648K
  class space    used 7984K, committed 8640K, reserved 1048576K
}
Event: 42.511 GC heap before
{Heap before GC invocations=421 (full 20):
 PSYoungGen      total 24064K, used 23604K [0x00000000eab00000, 0x00000000ec880000, 0x0000000100000000)
  eden space 22528K, 100% used [0x00000000eab00000,0x00000000ec100000,0x00000000ec100000)
  from space 1536K, 70% used [0x00000000ec700000,0x00000000ec80d200,0x00000000ec880000)
  to   space 2048K, 0% used [0x00000000ec480000,0x00000000ec480000,0x00000000ec680000)
 ParOldGen       total 285696K, used 255417K [0x00000000c0000000, 0x00000000d1700000, 0x00000000eab00000)
  object space 285696K, 89% used [0x00000000c0000000,0x00000000cf96e6b0,0x00000000d1700000)
 Metaspace       used 76874K, committed 78464K, reserved 1179648K
  class space    used 7986K, committed 8640K, reserved 1048576K
}
Event: 42.513 GC heap after
{Heap after GC invocations=421 (full 20):
 PSYoungGen      total 24064K, used 1114K [0x00000000eab00000, 0x00000000ec780000, 0x0000000100000000)
  eden space 22528K, 0% used [0x00000000eab00000,0x00000000eab00000,0x00000000ec100000)
  from space 1536K, 72% used [0x00000000ec480000,0x00000000ec596920,0x00000000ec600000)
  to   space 1536K, 0% used [0x00000000ec600000,0x00000000ec600000,0x00000000ec780000)
 ParOldGen       total 285696K, used 255577K [0x00000000c0000000, 0x00000000d1700000, 0x00000000eab00000)
  object space 285696K, 89% used [0x00000000c0000000,0x00000000cf9966b0,0x00000000d1700000)
 Metaspace       used 76874K, committed 78464K, reserved 1179648K
  class space    used 7986K, committed 8640K, reserved 1048576K
}
Event: 43.450 GC heap before
{Heap before GC invocations=422 (full 20):
 PSYoungGen      total 24064K, used 23642K [0x00000000eab00000, 0x00000000ec780000, 0x0000000100000000)
  eden space 22528K, 100% used [0x00000000eab00000,0x00000000ec100000,0x00000000ec100000)
  from space 1536K, 72% used [0x00000000ec480000,0x00000000ec596920,0x00000000ec600000)
  to   space 1536K, 0% used [0x00000000ec600000,0x00000000ec600000,0x00000000ec780000)
 ParOldGen       total 285696K, used 255577K [0x00000000c0000000, 0x00000000d1700000, 0x00000000eab00000)
  object space 285696K, 89% used [0x00000000c0000000,0x00000000cf9966b0,0x00000000d1700000)
 Metaspace       used 76874K, committed 78464K, reserved 1179648K
  class space    used 7986K, committed 8640K, reserved 1048576K
}
Event: 43.452 GC heap after
{Heap after GC invocations=422 (full 20):
 PSYoungGen      total 24064K, used 1466K [0x00000000eab00000, 0x00000000ec780000, 0x0000000100000000)
  eden space 22528K, 0% used [0x00000000eab00000,0x00000000eab00000,0x00000000ec100000)
  from space 1536K, 95% used [0x00000000ec600000,0x00000000ec76e920,0x00000000ec780000)
  to   space 1536K, 0% used [0x00000000ec480000,0x00000000ec480000,0x00000000ec600000)
 ParOldGen       total 285696K, used 255577K [0x00000000c0000000, 0x00000000d1700000, 0x00000000eab00000)
  object space 285696K, 89% used [0x00000000c0000000,0x00000000cf9966b0,0x00000000d1700000)
 Metaspace       used 76874K, committed 78464K, reserved 1179648K
  class space    used 7986K, committed 8640K, reserved 1048576K
}
Event: 44.244 GC heap before
{Heap before GC invocations=423 (full 20):
 PSYoungGen      total 24064K, used 23994K [0x00000000eab00000, 0x00000000ec780000, 0x0000000100000000)
  eden space 22528K, 100% used [0x00000000eab00000,0x00000000ec100000,0x00000000ec100000)
  from space 1536K, 95% used [0x00000000ec600000,0x00000000ec76e920,0x00000000ec780000)
  to   space 1536K, 0% used [0x00000000ec480000,0x00000000ec480000,0x00000000ec600000)
 ParOldGen       total 285696K, used 255577K [0x00000000c0000000, 0x00000000d1700000, 0x00000000eab00000)
  object space 285696K, 89% used [0x00000000c0000000,0x00000000cf9966b0,0x00000000d1700000)
 Metaspace       used 76874K, committed 78464K, reserved 1179648K
  class space    used 7986K, committed 8640K, reserved 1048576K
}
Event: 44.245 GC heap after
{Heap after GC invocations=423 (full 20):
 PSYoungGen      total 24064K, used 1524K [0x00000000eab00000, 0x00000000ec680000, 0x0000000100000000)
  eden space 22528K, 0% used [0x00000000eab00000,0x00000000eab00000,0x00000000ec100000)
  from space 1536K, 99% used [0x00000000ec480000,0x00000000ec5fd220,0x00000000ec600000)
  to   space 512K, 0% used [0x00000000ec600000,0x00000000ec600000,0x00000000ec680000)
 ParOldGen       total 285696K, used 256353K [0x00000000c0000000, 0x00000000d1700000, 0x00000000eab00000)
  object space 285696K, 89% used [0x00000000c0000000,0x00000000cfa586b0,0x00000000d1700000)
 Metaspace       used 76874K, committed 78464K, reserved 1179648K
  class space    used 7986K, committed 8640K, reserved 1048576K
}
Event: 45.280 GC heap before
{Heap before GC invocations=424 (full 20):
 PSYoungGen      total 24064K, used 24052K [0x00000000eab00000, 0x00000000ec680000, 0x0000000100000000)
  eden space 22528K, 100% used [0x00000000eab00000,0x00000000ec100000,0x00000000ec100000)
  from space 1536K, 99% used [0x00000000ec480000,0x00000000ec5fd220,0x00000000ec600000)
  to   space 512K, 0% used [0x00000000ec600000,0x00000000ec600000,0x00000000ec680000)
 ParOldGen       total 285696K, used 256353K [0x00000000c0000000, 0x00000000d1700000, 0x00000000eab00000)
  object space 285696K, 89% used [0x00000000c0000000,0x00000000cfa586b0,0x00000000d1700000)
 Metaspace       used 76874K, committed 78464K, reserved 1179648K
  class space    used 7986K, committed 8640K, reserved 1048576K
}
Event: 45.283 GC heap after
{Heap after GC invocations=424 (full 20):
 PSYoungGen      total 23040K, used 480K [0x00000000eab00000, 0x00000000ec680000, 0x0000000100000000)
  eden space 22528K, 0% used [0x00000000eab00000,0x00000000eab00000,0x00000000ec100000)
  from space 512K, 93% used [0x00000000ec600000,0x00000000ec678020,0x00000000ec680000)
  to   space 2560K, 0% used [0x00000000ec180000,0x00000000ec180000,0x00000000ec400000)
 ParOldGen       total 285696K, used 258141K [0x00000000c0000000, 0x00000000d1700000, 0x00000000eab00000)
  object space 285696K, 90% used [0x00000000c0000000,0x00000000cfc17770,0x00000000d1700000)
 Metaspace       used 76874K, committed 78464K, reserved 1179648K
  class space    used 7986K, committed 8640K, reserved 1048576K
}
Event: 109.300 GC heap before
{Heap before GC invocations=425 (full 20):
 PSYoungGen      total 23040K, used 23008K [0x00000000eab00000, 0x00000000ec680000, 0x0000000100000000)
  eden space 22528K, 99% used [0x00000000eab00000,0x00000000ec0ffff0,0x00000000ec100000)
  from space 512K, 93% used [0x00000000ec600000,0x00000000ec678020,0x00000000ec680000)
  to   space 2560K, 0% used [0x00000000ec180000,0x00000000ec180000,0x00000000ec400000)
 ParOldGen       total 285696K, used 258141K [0x00000000c0000000, 0x00000000d1700000, 0x00000000eab00000)
  object space 285696K, 90% used [0x00000000c0000000,0x00000000cfc17770,0x00000000d1700000)
 Metaspace       used 76972K, committed 78528K, reserved 1179648K
  class space    used 7987K, committed 8640K, reserved 1048576K
}
Event: 109.302 GC heap after
{Heap after GC invocations=425 (full 20):
 PSYoungGen      total 25088K, used 248K [0x00000000eab00000, 0x00000000ec680000, 0x0000000100000000)
  eden space 22528K, 0% used [0x00000000eab00000,0x00000000eab00000,0x00000000ec100000)
  from space 2560K, 9% used [0x00000000ec180000,0x00000000ec1be1c8,0x00000000ec400000)
  to   space 1024K, 0% used [0x00000000ec580000,0x00000000ec580000,0x00000000ec680000)
 ParOldGen       total 285696K, used 258293K [0x00000000c0000000, 0x00000000d1700000, 0x00000000eab00000)
  object space 285696K, 90% used [0x00000000c0000000,0x00000000cfc3d790,0x00000000d1700000)
 Metaspace       used 76972K, committed 78528K, reserved 1179648K
  class space    used 7987K, committed 8640K, reserved 1048576K
}

