# JRE version: OpenJDK Runtime Environment Temurin-17.0.10+7 (17.0.10+7) (build 17.0.10+7)
# Java VM: OpenJDK 64-Bit Server VM Temurin-17.0.10+7 (17.0.10+7, mixed mode, tiered, compressed oops, compressed class ptrs, parallel gc, windows-amd64)
GC Precious Log:
 CPUs: 8 total, 8 available
 Memory: 7991M
 Large Page Support: Disabled
 NUMA Support: Disabled
 Compressed Oops: Enabled (32-bit)
 Alignments: Space 512K, Generation 512K, Heap 2M
 Heap Min Capacity: 100M
 Heap Initial Capacity: 100M
 Heap Max Capacity: 1G
 Pre-touch: Disabled
 Parallel Workers: 8
Heap:
 PSYoungGen      total 52224K, used 7454K [0x00000000eab00000, 0x00000000ef380000, 0x0000000100000000)
  eden space 47104K, 5% used [0x00000000eab00000,0x00000000ead52d30,0x00000000ed900000)
  from space 5120K, 99% used [0x00000000eee80000,0x00000000ef374d10,0x00000000ef380000)
  to   space 7680K, 0% used [0x00000000ee480000,0x00000000ee480000,0x00000000eec00000)
 ParOldGen       total 410112K, used 373069K [0x00000000c0000000, 0x00000000d9080000, 0x00000000eab00000)
  object space 410112K, 90% used [0x00000000c0000000,0x00000000d6c534f0,0x00000000d9080000)
 Metaspace       used 73869K, committed 75200K, reserved 1179648K
  class space    used 7744K, committed 8320K, reserved 1048576K
GC Heap History (20 events):
Event: 22.551 GC heap before
{Heap before GC invocations=568 (full 21):
 PSYoungGen      total 66560K, used 55979K [0x00000000eab00000, 0x00000000f0580000, 0x0000000100000000)
  eden space 45056K, 100% used [0x00000000eab00000,0x00000000ed700000,0x00000000ed700000)
  from space 21504K, 50% used [0x00000000eec00000,0x00000000ef6aadf8,0x00000000f0100000)
  to   space 21504K, 0% used [0x00000000ed700000,0x00000000ed700000,0x00000000eec00000)
 ParOldGen       total 335360K, used 275758K [0x00000000c0000000, 0x00000000d4780000, 0x00000000eab00000)
  object space 335360K, 82% used [0x00000000c0000000,0x00000000d0d4b880,0x00000000d4780000)
 Metaspace       used 72719K, committed 74176K, reserved 1179648K
  class space    used 7653K, committed 8256K, reserved 1048576K
}
Event: 22.570 GC heap after
{Heap after GC invocations=568 (full 21):
 PSYoungGen      total 66560K, used 21474K [0x00000000eab00000, 0x00000000f1200000, 0x0000000100000000)
  eden space 45056K, 0% used [0x00000000eab00000,0x00000000eab00000,0x00000000ed700000)
  from space 21504K, 99% used [0x00000000ed700000,0x00000000eebf8958,0x00000000eec00000)
  to   space 28160K, 0% used [0x00000000ef680000,0x00000000ef680000,0x00000000f1200000)
 ParOldGen       total 335360K, used 281126K [0x00000000c0000000, 0x00000000d4780000, 0x00000000eab00000)
  object space 335360K, 83% used [0x00000000c0000000,0x00000000d1289ae0,0x00000000d4780000)
 Metaspace       used 72719K, committed 74176K, reserved 1179648K
  class space    used 7653K, committed 8256K, reserved 1048576K
}
Event: 22.856 GC heap before
{Heap before GC invocations=569 (full 21):
 PSYoungGen      total 66560K, used 66530K [0x00000000eab00000, 0x00000000f1200000, 0x0000000100000000)
  eden space 45056K, 100% used [0x00000000eab00000,0x00000000ed700000,0x00000000ed700000)
  from space 21504K, 99% used [0x00000000ed700000,0x00000000eebf8958,0x00000000eec00000)
  to   space 28160K, 0% used [0x00000000ef680000,0x00000000ef680000,0x00000000f1200000)
 ParOldGen       total 335360K, used 281126K [0x00000000c0000000, 0x00000000d4780000, 0x00000000eab00000)
  object space 335360K, 83% used [0x00000000c0000000,0x00000000d1289ae0,0x00000000d4780000)
 Metaspace       used 72719K, committed 74176K, reserved 1179648K
  class space    used 7653K, committed 8256K, reserved 1048576K
}
Event: 22.870 GC heap after
{Heap after GC invocations=569 (full 21):
 PSYoungGen      total 64000K, used 15204K [0x00000000eab00000, 0x00000000f0580000, 0x0000000100000000)
  eden space 48640K, 0% used [0x00000000eab00000,0x00000000eab00000,0x00000000eda80000)
  from space 15360K, 98% used [0x00000000ef680000,0x00000000f05593d0,0x00000000f0580000)
  to   space 19456K, 0% used [0x00000000edf80000,0x00000000edf80000,0x00000000ef280000)
 ParOldGen       total 335360K, used 302290K [0x00000000c0000000, 0x00000000d4780000, 0x00000000eab00000)
  object space 335360K, 90% used [0x00000000c0000000,0x00000000d2734bd8,0x00000000d4780000)
 Metaspace       used 72719K, committed 74176K, reserved 1179648K
  class space    used 7653K, committed 8256K, reserved 1048576K
}
Event: 23.162 GC heap before
{Heap before GC invocations=570 (full 21):
 PSYoungGen      total 64000K, used 63844K [0x00000000eab00000, 0x00000000f0580000, 0x0000000100000000)
  eden space 48640K, 100% used [0x00000000eab00000,0x00000000eda80000,0x00000000eda80000)
  from space 15360K, 98% used [0x00000000ef680000,0x00000000f05593d0,0x00000000f0580000)
  to   space 19456K, 0% used [0x00000000edf80000,0x00000000edf80000,0x00000000ef280000)
 ParOldGen       total 335360K, used 302290K [0x00000000c0000000, 0x00000000d4780000, 0x00000000eab00000)
  object space 335360K, 90% used [0x00000000c0000000,0x00000000d2734bd8,0x00000000d4780000)
 Metaspace       used 72719K, committed 74176K, reserved 1179648K
  class space    used 7653K, committed 8256K, reserved 1048576K
}
Event: 23.185 GC heap after
{Heap after GC invocations=570 (full 21):
 PSYoungGen      total 71680K, used 19442K [0x00000000eab00000, 0x00000000f1200000, 0x0000000100000000)
  eden space 52224K, 0% used [0x00000000eab00000,0x00000000eab00000,0x00000000ede00000)
  from space 19456K, 99% used [0x00000000edf80000,0x00000000ef27c810,0x00000000ef280000)
  to   space 26624K, 0% used [0x00000000ef800000,0x00000000ef800000,0x00000000f1200000)
 ParOldGen       total 335360K, used 307619K [0x00000000c0000000, 0x00000000d4780000, 0x00000000eab00000)
  object space 335360K, 91% used [0x00000000c0000000,0x00000000d2c68c90,0x00000000d4780000)
 Metaspace       used 72719K, committed 74176K, reserved 1179648K
  class space    used 7653K, committed 8256K, reserved 1048576K
}
Event: 23.463 GC heap before
{Heap before GC invocations=571 (full 21):
 PSYoungGen      total 71680K, used 71666K [0x00000000eab00000, 0x00000000f1200000, 0x0000000100000000)
  eden space 52224K, 100% used [0x00000000eab00000,0x00000000ede00000,0x00000000ede00000)
  from space 19456K, 99% used [0x00000000edf80000,0x00000000ef27c810,0x00000000ef280000)
  to   space 26624K, 0% used [0x00000000ef800000,0x00000000ef800000,0x00000000f1200000)
 ParOldGen       total 335360K, used 307619K [0x00000000c0000000, 0x00000000d4780000, 0x00000000eab00000)
  object space 335360K, 91% used [0x00000000c0000000,0x00000000d2c68c90,0x00000000d4780000)
 Metaspace       used 72719K, committed 74176K, reserved 1179648K
  class space    used 7653K, committed 8256K, reserved 1048576K
}
Event: 23.477 GC heap after
{Heap after GC invocations=571 (full 21):
 PSYoungGen      total 67072K, used 11238K [0x00000000eab00000, 0x00000000f0300000, 0x0000000100000000)
  eden space 55808K, 0% used [0x00000000eab00000,0x00000000eab00000,0x00000000ee180000)
  from space 11264K, 99% used [0x00000000ef800000,0x00000000f02f9838,0x00000000f0300000)
  to   space 16384K, 0% used [0x00000000ee300000,0x00000000ee300000,0x00000000ef300000)
 ParOldGen       total 335360K, used 325059K [0x00000000c0000000, 0x00000000d4780000, 0x00000000eab00000)
  object space 335360K, 96% used [0x00000000c0000000,0x00000000d3d70ed8,0x00000000d4780000)
 Metaspace       used 72719K, committed 74176K, reserved 1179648K
  class space    used 7653K, committed 8256K, reserved 1048576K
}
Event: 23.477 GC heap before
{Heap before GC invocations=572 (full 22):
 PSYoungGen      total 67072K, used 11238K [0x00000000eab00000, 0x00000000f0300000, 0x0000000100000000)
  eden space 55808K, 0% used [0x00000000eab00000,0x00000000eab00000,0x00000000ee180000)
  from space 11264K, 99% used [0x00000000ef800000,0x00000000f02f9838,0x00000000f0300000)
  to   space 16384K, 0% used [0x00000000ee300000,0x00000000ee300000,0x00000000ef300000)
 ParOldGen       total 335360K, used 325059K [0x00000000c0000000, 0x00000000d4780000, 0x00000000eab00000)
  object space 335360K, 96% used [0x00000000c0000000,0x00000000d3d70ed8,0x00000000d4780000)
 Metaspace       used 72719K, committed 74176K, reserved 1179648K
  class space    used 7653K, committed 8256K, reserved 1048576K
}
Event: 23.672 GC heap after
{Heap after GC invocations=572 (full 22):
 PSYoungGen      total 73728K, used 0K [0x00000000eab00000, 0x00000000f0580000, 0x0000000100000000)
  eden space 57344K, 0% used [0x00000000eab00000,0x00000000eab00000,0x00000000ee300000)
  from space 16384K, 0% used [0x00000000ee300000,0x00000000ee300000,0x00000000ef300000)
  to   space 16384K, 0% used [0x00000000ef580000,0x00000000ef580000,0x00000000f0580000)
 ParOldGen       total 410112K, used 332086K [0x00000000c0000000, 0x00000000d9080000, 0x00000000eab00000)
  object space 410112K, 80% used [0x00000000c0000000,0x00000000d444db68,0x00000000d9080000)
 Metaspace       used 72719K, committed 74176K, reserved 1179648K
  class space    used 7653K, committed 8256K, reserved 1048576K
}
Event: 24.070 GC heap before
{Heap before GC invocations=573 (full 22):
 PSYoungGen      total 73728K, used 55480K [0x00000000eab00000, 0x00000000f0580000, 0x0000000100000000)
  eden space 57344K, 96% used [0x00000000eab00000,0x00000000ee12e168,0x00000000ee300000)
  from space 16384K, 0% used [0x00000000ee300000,0x00000000ee300000,0x00000000ef300000)
  to   space 16384K, 0% used [0x00000000ef580000,0x00000000ef580000,0x00000000f0580000)
 ParOldGen       total 410112K, used 332086K [0x00000000c0000000, 0x00000000d9080000, 0x00000000eab00000)
  object space 410112K, 80% used [0x00000000c0000000,0x00000000d444db68,0x00000000d9080000)
 Metaspace       used 72977K, committed 74368K, reserved 1179648K
  class space    used 7673K, committed 8256K, reserved 1048576K
}
Event: 24.080 GC heap after
{Heap after GC invocations=573 (full 22):
 PSYoungGen      total 76288K, used 14344K [0x00000000eab00000, 0x00000000f0480000, 0x0000000100000000)
  eden space 60928K, 0% used [0x00000000eab00000,0x00000000eab00000,0x00000000ee680000)
  from space 15360K, 93% used [0x00000000ef580000,0x00000000f0382258,0x00000000f0480000)
  to   space 15360K, 0% used [0x00000000ee680000,0x00000000ee680000,0x00000000ef580000)
 ParOldGen       total 410112K, used 332094K [0x00000000c0000000, 0x00000000d9080000, 0x00000000eab00000)
  object space 410112K, 80% used [0x00000000c0000000,0x00000000d444fb68,0x00000000d9080000)
 Metaspace       used 72977K, committed 74368K, reserved 1179648K
  class space    used 7673K, committed 8256K, reserved 1048576K
}
Event: 24.981 GC heap before
{Heap before GC invocations=574 (full 22):
 PSYoungGen      total 76288K, used 75272K [0x00000000eab00000, 0x00000000f0480000, 0x0000000100000000)
  eden space 60928K, 100% used [0x00000000eab00000,0x00000000ee680000,0x00000000ee680000)
  from space 15360K, 93% used [0x00000000ef580000,0x00000000f0382258,0x00000000f0480000)
  to   space 15360K, 0% used [0x00000000ee680000,0x00000000ee680000,0x00000000ef580000)
 ParOldGen       total 410112K, used 332094K [0x00000000c0000000, 0x00000000d9080000, 0x00000000eab00000)
  object space 410112K, 80% used [0x00000000c0000000,0x00000000d444fb68,0x00000000d9080000)
 Metaspace       used 73085K, committed 74496K, reserved 1179648K
  class space    used 7684K, committed 8320K, reserved 1048576K
}
Event: 25.008 GC heap after
{Heap after GC invocations=574 (full 22):
 PSYoungGen      total 76288K, used 15354K [0x00000000eab00000, 0x00000000f1600000, 0x0000000100000000)
  eden space 60928K, 0% used [0x00000000eab00000,0x00000000eab00000,0x00000000ee680000)
  from space 15360K, 99% used [0x00000000ee680000,0x00000000ef57e8f8,0x00000000ef580000)
  to   space 22528K, 0% used [0x00000000f0000000,0x00000000f0000000,0x00000000f1600000)
 ParOldGen       total 410112K, used 337859K [0x00000000c0000000, 0x00000000d9080000, 0x00000000eab00000)
  object space 410112K, 82% used [0x00000000c0000000,0x00000000d49f0d90,0x00000000d9080000)
 Metaspace       used 73085K, committed 74496K, reserved 1179648K
  class space    used 7684K, committed 8320K, reserved 1048576K
}
Event: 25.304 GC heap before
{Heap before GC invocations=575 (full 22):
 PSYoungGen      total 76288K, used 76282K [0x00000000eab00000, 0x00000000f1600000, 0x0000000100000000)
  eden space 60928K, 100% used [0x00000000eab00000,0x00000000ee680000,0x00000000ee680000)
  from space 15360K, 99% used [0x00000000ee680000,0x00000000ef57e8f8,0x00000000ef580000)
  to   space 22528K, 0% used [0x00000000f0000000,0x00000000f0000000,0x00000000f1600000)
 ParOldGen       total 410112K, used 337859K [0x00000000c0000000, 0x00000000d9080000, 0x00000000eab00000)
  object space 410112K, 82% used [0x00000000c0000000,0x00000000d49f0d90,0x00000000d9080000)
 Metaspace       used 73164K, committed 74624K, reserved 1179648K
  class space    used 7685K, committed 8320K, reserved 1048576K
}
Event: 25.334 GC heap after
{Heap after GC invocations=575 (full 22):
 PSYoungGen      total 67072K, used 22505K [0x00000000eab00000, 0x00000000f3d00000, 0x0000000100000000)
  eden space 44544K, 0% used [0x00000000eab00000,0x00000000eab00000,0x00000000ed680000)
  from space 22528K, 99% used [0x00000000f0000000,0x00000000f15fa450,0x00000000f1600000)
  to   space 42496K, 0% used [0x00000000ed680000,0x00000000ed680000,0x00000000f0000000)
 ParOldGen       total 410112K, used 354066K [0x00000000c0000000, 0x00000000d9080000, 0x00000000eab00000)
  object space 410112K, 86% used [0x00000000c0000000,0x00000000d59c48c8,0x00000000d9080000)
 Metaspace       used 73164K, committed 74624K, reserved 1179648K
  class space    used 7685K, committed 8320K, reserved 1048576K
}
Event: 25.468 GC heap before
{Heap before GC invocations=576 (full 22):
 PSYoungGen      total 67072K, used 67049K [0x00000000eab00000, 0x00000000f3d00000, 0x0000000100000000)
  eden space 44544K, 99% used [0x00000000eab00000,0x00000000ed67fff0,0x00000000ed680000)
  from space 22528K, 99% used [0x00000000f0000000,0x00000000f15fa450,0x00000000f1600000)
  to   space 42496K, 0% used [0x00000000ed680000,0x00000000ed680000,0x00000000f0000000)
 ParOldGen       total 410112K, used 354066K [0x00000000c0000000, 0x00000000d9080000, 0x00000000eab00000)
  object space 410112K, 86% used [0x00000000c0000000,0x00000000d59c48c8,0x00000000d9080000)
 Metaspace       used 73273K, committed 74688K, reserved 1179648K
  class space    used 7693K, committed 8320K, reserved 1048576K
}
Event: 25.482 GC heap after
{Heap after GC invocations=576 (full 22):
 PSYoungGen      total 51200K, used 6274K [0x00000000eab00000, 0x00000000f0080000, 0x0000000100000000)
  eden space 44544K, 0% used [0x00000000eab00000,0x00000000eab00000,0x00000000ed680000)
  from space 6656K, 94% used [0x00000000ed680000,0x00000000edca0818,0x00000000edd00000)
  to   space 18432K, 0% used [0x00000000eee80000,0x00000000eee80000,0x00000000f0080000)
 ParOldGen       total 410112K, used 373061K [0x00000000c0000000, 0x00000000d9080000, 0x00000000eab00000)
  object space 410112K, 90% used [0x00000000c0000000,0x00000000d6c514f0,0x00000000d9080000)
 Metaspace       used 73273K, committed 74688K, reserved 1179648K
  class space    used 7693K, committed 8320K, reserved 1048576K
}
Event: 25.792 GC heap before
{Heap before GC invocations=577 (full 22):
 PSYoungGen      total 51200K, used 50818K [0x00000000eab00000, 0x00000000f0080000, 0x0000000100000000)
  eden space 44544K, 100% used [0x00000000eab00000,0x00000000ed680000,0x00000000ed680000)
  from space 6656K, 94% used [0x00000000ed680000,0x00000000edca0818,0x00000000edd00000)
  to   space 18432K, 0% used [0x00000000eee80000,0x00000000eee80000,0x00000000f0080000)
 ParOldGen       total 410112K, used 373061K [0x00000000c0000000, 0x00000000d9080000, 0x00000000eab00000)
  object space 410112K, 90% used [0x00000000c0000000,0x00000000d6c514f0,0x00000000d9080000)
 Metaspace       used 73868K, committed 75200K, reserved 1179648K
  class space    used 7744K, committed 8320K, reserved 1048576K
}
Event: 25.797 GC heap after
{Heap after GC invocations=577 (full 22):
 PSYoungGen      total 52224K, used 5075K [0x00000000eab00000, 0x00000000ef380000, 0x0000000100000000)
  eden space 47104K, 0% used [0x00000000eab00000,0x00000000eab00000,0x00000000ed900000)
  from space 5120K, 99% used [0x00000000eee80000,0x00000000ef374d10,0x00000000ef380000)
  to   space 7680K, 0% used [0x00000000ee480000,0x00000000ee480000,0x00000000eec00000)
 ParOldGen       total 410112K, used 373069K [0x00000000c0000000, 0x00000000d9080000, 0x00000000eab00000)
  object space 410112K, 90% used [0x00000000c0000000,0x00000000d6c534f0,0x00000000d9080000)
 Metaspace       used 73868K, committed 75200K, reserved 1179648K
  class space    used 7744K, committed 8320K, reserved 1048576K
}

