# JRE version: OpenJDK Runtime Environment Temurin-17.0.10+7 (17.0.10+7) (build 17.0.10+7)
# Java VM: OpenJDK 64-Bit Server VM Temurin-17.0.10+7 (17.0.10+7, mixed mode, tiered, compressed oops, compressed class ptrs, parallel gc, windows-amd64)
GC Precious Log:
 CPUs: 8 total, 8 available
 Memory: 7991M
 Large Page Support: Disabled
 NUMA Support: Disabled
 Compressed Oops: Enabled (32-bit)
 Alignments: Space 512K, Generation 512K, Heap 2M
 Heap Min Capacity: 100M
 Heap Initial Capacity: 100M
 Heap Max Capacity: 1G
 Pre-touch: Disabled
 Parallel Workers: 8
Heap:
 PSYoungGen      total 52736K, used 49776K [0x00000000eab00000, 0x00000000eee80000, 0x0000000100000000)
  eden space 47616K, 98% used [0x00000000eab00000,0x00000000ed8c61f0,0x00000000ed980000)
  from space 5120K, 56% used [0x00000000ed980000,0x00000000edc55ec8,0x00000000ede80000)
  to   space 8192K, 0% used [0x00000000ee680000,0x00000000ee680000,0x00000000eee80000)
 ParOldGen       total 346624K, used 283391K [0x00000000c0000000, 0x00000000d5280000, 0x00000000eab00000)
  object space 346624K, 81% used [0x00000000c0000000,0x00000000d14bfd90,0x00000000d5280000)
 Metaspace       used 54645K, committed 55808K, reserved 1114112K
  class space    used 5895K, committed 6400K, reserved 1048576K
GC Heap History (20 events):
Event: 9.056 GC heap before
{Heap before GC invocations=150 (full 9):
 PSYoungGen      total 58880K, used 7833K [0x00000000eab00000, 0x00000000eef00000, 0x0000000100000000)
  eden space 50688K, 0% used [0x00000000eab00000,0x00000000eab00000,0x00000000edc80000)
  from space 8192K, 95% used [0x00000000ee700000,0x00000000eeea6760,0x00000000eef00000)
  to   space 9216K, 0% used [0x00000000edd00000,0x00000000edd00000,0x00000000ee600000)
 ParOldGen       total 234496K, used 228507K [0x00000000c0000000, 0x00000000ce500000, 0x00000000eab00000)
  object space 234496K, 97% used [0x00000000c0000000,0x00000000cdf26ed8,0x00000000ce500000)
 Metaspace       used 53763K, committed 54912K, reserved 1114112K
  class space    used 5805K, committed 6336K, reserved 1048576K
}
Event: 9.168 GC heap after
{Heap after GC invocations=150 (full 9):
 PSYoungGen      total 60416K, used 0K [0x00000000eab00000, 0x00000000ef280000, 0x0000000100000000)
  eden space 51200K, 0% used [0x00000000eab00000,0x00000000eab00000,0x00000000edd00000)
  from space 9216K, 0% used [0x00000000edd00000,0x00000000edd00000,0x00000000ee600000)
  to   space 9216K, 0% used [0x00000000ee980000,0x00000000ee980000,0x00000000ef280000)
 ParOldGen       total 282624K, used 232999K [0x00000000c0000000, 0x00000000d1400000, 0x00000000eab00000)
  object space 282624K, 82% used [0x00000000c0000000,0x00000000ce389c10,0x00000000d1400000)
 Metaspace       used 53763K, committed 54912K, reserved 1114112K
  class space    used 5805K, committed 6336K, reserved 1048576K
}
Event: 9.226 GC heap before
{Heap before GC invocations=151 (full 9):
 PSYoungGen      total 60416K, used 51200K [0x00000000eab00000, 0x00000000ef280000, 0x0000000100000000)
  eden space 51200K, 100% used [0x00000000eab00000,0x00000000edd00000,0x00000000edd00000)
  from space 9216K, 0% used [0x00000000edd00000,0x00000000edd00000,0x00000000ee600000)
  to   space 9216K, 0% used [0x00000000ee980000,0x00000000ee980000,0x00000000ef280000)
 ParOldGen       total 282624K, used 232999K [0x00000000c0000000, 0x00000000d1400000, 0x00000000eab00000)
  object space 282624K, 82% used [0x00000000c0000000,0x00000000ce389c10,0x00000000d1400000)
 Metaspace       used 53802K, committed 54912K, reserved 1114112K
  class space    used 5807K, committed 6336K, reserved 1048576K
}
Event: 9.228 GC heap after
{Heap after GC invocations=151 (full 9):
 PSYoungGen      total 55296K, used 4778K [0x00000000eab00000, 0x00000000eee80000, 0x0000000100000000)
  eden space 50176K, 0% used [0x00000000eab00000,0x00000000eab00000,0x00000000edc00000)
  from space 5120K, 93% used [0x00000000ee980000,0x00000000eee2a880,0x00000000eee80000)
  to   space 6144K, 0% used [0x00000000ee280000,0x00000000ee280000,0x00000000ee880000)
 ParOldGen       total 282624K, used 232999K [0x00000000c0000000, 0x00000000d1400000, 0x00000000eab00000)
  object space 282624K, 82% used [0x00000000c0000000,0x00000000ce389c10,0x00000000d1400000)
 Metaspace       used 53802K, committed 54912K, reserved 1114112K
  class space    used 5807K, committed 6336K, reserved 1048576K
}
Event: 9.288 GC heap before
{Heap before GC invocations=152 (full 9):
 PSYoungGen      total 55296K, used 54954K [0x00000000eab00000, 0x00000000eee80000, 0x0000000100000000)
  eden space 50176K, 100% used [0x00000000eab00000,0x00000000edc00000,0x00000000edc00000)
  from space 5120K, 93% used [0x00000000ee980000,0x00000000eee2a880,0x00000000eee80000)
  to   space 6144K, 0% used [0x00000000ee280000,0x00000000ee280000,0x00000000ee880000)
 ParOldGen       total 282624K, used 232999K [0x00000000c0000000, 0x00000000d1400000, 0x00000000eab00000)
  object space 282624K, 82% used [0x00000000c0000000,0x00000000ce389c10,0x00000000d1400000)
 Metaspace       used 53825K, committed 54912K, reserved 1114112K
  class space    used 5807K, committed 6336K, reserved 1048576K
}
Event: 9.297 GC heap after
{Heap after GC invocations=152 (full 9):
 PSYoungGen      total 60416K, used 6143K [0x00000000eab00000, 0x00000000ef400000, 0x0000000100000000)
  eden space 54272K, 0% used [0x00000000eab00000,0x00000000eab00000,0x00000000ee000000)
  from space 6144K, 99% used [0x00000000ee280000,0x00000000ee87fcd0,0x00000000ee880000)
  to   space 10240K, 0% used [0x00000000eea00000,0x00000000eea00000,0x00000000ef400000)
 ParOldGen       total 282624K, used 236214K [0x00000000c0000000, 0x00000000d1400000, 0x00000000eab00000)
  object space 282624K, 83% used [0x00000000c0000000,0x00000000ce6adad0,0x00000000d1400000)
 Metaspace       used 53825K, committed 54912K, reserved 1114112K
  class space    used 5807K, committed 6336K, reserved 1048576K
}
Event: 9.375 GC heap before
{Heap before GC invocations=153 (full 9):
 PSYoungGen      total 60416K, used 60415K [0x00000000eab00000, 0x00000000ef400000, 0x0000000100000000)
  eden space 54272K, 100% used [0x00000000eab00000,0x00000000ee000000,0x00000000ee000000)
  from space 6144K, 99% used [0x00000000ee280000,0x00000000ee87fcd0,0x00000000ee880000)
  to   space 10240K, 0% used [0x00000000eea00000,0x00000000eea00000,0x00000000ef400000)
 ParOldGen       total 282624K, used 236214K [0x00000000c0000000, 0x00000000d1400000, 0x00000000eab00000)
  object space 282624K, 83% used [0x00000000c0000000,0x00000000ce6adad0,0x00000000d1400000)
 Metaspace       used 53849K, committed 54976K, reserved 1114112K
  class space    used 5807K, committed 6336K, reserved 1048576K
}
Event: 9.380 GC heap after
{Heap after GC invocations=153 (full 9):
 PSYoungGen      total 59392K, used 10232K [0x00000000eab00000, 0x00000000f0200000, 0x0000000100000000)
  eden space 49152K, 0% used [0x00000000eab00000,0x00000000eab00000,0x00000000edb00000)
  from space 10240K, 99% used [0x00000000eea00000,0x00000000ef3fe348,0x00000000ef400000)
  to   space 15360K, 0% used [0x00000000edb00000,0x00000000edb00000,0x00000000eea00000)
 ParOldGen       total 282624K, used 239946K [0x00000000c0000000, 0x00000000d1400000, 0x00000000eab00000)
  object space 282624K, 84% used [0x00000000c0000000,0x00000000cea52860,0x00000000d1400000)
 Metaspace       used 53849K, committed 54976K, reserved 1114112K
  class space    used 5807K, committed 6336K, reserved 1048576K
}
Event: 9.441 GC heap before
{Heap before GC invocations=154 (full 9):
 PSYoungGen      total 59392K, used 59369K [0x00000000eab00000, 0x00000000f0200000, 0x0000000100000000)
  eden space 49152K, 99% used [0x00000000eab00000,0x00000000edafc280,0x00000000edb00000)
  from space 10240K, 99% used [0x00000000eea00000,0x00000000ef3fe348,0x00000000ef400000)
  to   space 15360K, 0% used [0x00000000edb00000,0x00000000edb00000,0x00000000eea00000)
 ParOldGen       total 282624K, used 239946K [0x00000000c0000000, 0x00000000d1400000, 0x00000000eab00000)
  object space 282624K, 84% used [0x00000000c0000000,0x00000000cea52860,0x00000000d1400000)
 Metaspace       used 53850K, committed 54976K, reserved 1114112K
  class space    used 5807K, committed 6336K, reserved 1048576K
}
Event: 9.446 GC heap after
{Heap after GC invocations=154 (full 9):
 PSYoungGen      total 64512K, used 15162K [0x00000000eab00000, 0x00000000efe00000, 0x0000000100000000)
  eden space 49152K, 0% used [0x00000000eab00000,0x00000000eab00000,0x00000000edb00000)
  from space 15360K, 98% used [0x00000000edb00000,0x00000000ee9ce850,0x00000000eea00000)
  to   space 15872K, 0% used [0x00000000eee80000,0x00000000eee80000,0x00000000efe00000)
 ParOldGen       total 282624K, used 244183K [0x00000000c0000000, 0x00000000d1400000, 0x00000000eab00000)
  object space 282624K, 86% used [0x00000000c0000000,0x00000000cee75c20,0x00000000d1400000)
 Metaspace       used 53850K, committed 54976K, reserved 1114112K
  class space    used 5807K, committed 6336K, reserved 1048576K
}
Event: 9.483 GC heap before
{Heap before GC invocations=155 (full 9):
 PSYoungGen      total 64512K, used 64314K [0x00000000eab00000, 0x00000000efe00000, 0x0000000100000000)
  eden space 49152K, 100% used [0x00000000eab00000,0x00000000edb00000,0x00000000edb00000)
  from space 15360K, 98% used [0x00000000edb00000,0x00000000ee9ce850,0x00000000eea00000)
  to   space 15872K, 0% used [0x00000000eee80000,0x00000000eee80000,0x00000000efe00000)
 ParOldGen       total 282624K, used 244183K [0x00000000c0000000, 0x00000000d1400000, 0x00000000eab00000)
  object space 282624K, 86% used [0x00000000c0000000,0x00000000cee75c20,0x00000000d1400000)
 Metaspace       used 53938K, committed 55040K, reserved 1114112K
  class space    used 5819K, committed 6336K, reserved 1048576K
}
Event: 9.491 GC heap after
{Heap after GC invocations=155 (full 9):
 PSYoungGen      total 55808K, used 15858K [0x00000000eab00000, 0x00000000f1880000, 0x0000000100000000)
  eden space 39936K, 0% used [0x00000000eab00000,0x00000000eab00000,0x00000000ed200000)
  from space 15872K, 99% used [0x00000000eee80000,0x00000000efdfc8c8,0x00000000efe00000)
  to   space 29184K, 0% used [0x00000000ed200000,0x00000000ed200000,0x00000000eee80000)
 ParOldGen       total 282624K, used 255352K [0x00000000c0000000, 0x00000000d1400000, 0x00000000eab00000)
  object space 282624K, 90% used [0x00000000c0000000,0x00000000cf95e350,0x00000000d1400000)
 Metaspace       used 53938K, committed 55040K, reserved 1114112K
  class space    used 5819K, committed 6336K, reserved 1048576K
}
Event: 9.512 GC heap before
{Heap before GC invocations=156 (full 9):
 PSYoungGen      total 55808K, used 55794K [0x00000000eab00000, 0x00000000f1880000, 0x0000000100000000)
  eden space 39936K, 100% used [0x00000000eab00000,0x00000000ed200000,0x00000000ed200000)
  from space 15872K, 99% used [0x00000000eee80000,0x00000000efdfc8c8,0x00000000efe00000)
  to   space 29184K, 0% used [0x00000000ed200000,0x00000000ed200000,0x00000000eee80000)
 ParOldGen       total 282624K, used 255352K [0x00000000c0000000, 0x00000000d1400000, 0x00000000eab00000)
  object space 282624K, 90% used [0x00000000c0000000,0x00000000cf95e350,0x00000000d1400000)
 Metaspace       used 54023K, committed 55104K, reserved 1114112K
  class space    used 5832K, committed 6336K, reserved 1048576K
}
Event: 9.518 GC heap after
{Heap after GC invocations=156 (full 9):
 PSYoungGen      total 53248K, used 13011K [0x00000000eab00000, 0x00000000efa00000, 0x0000000100000000)
  eden space 39936K, 0% used [0x00000000eab00000,0x00000000eab00000,0x00000000ed200000)
  from space 13312K, 97% used [0x00000000ed200000,0x00000000edeb4ce8,0x00000000edf00000)
  to   space 18432K, 0% used [0x00000000ee800000,0x00000000ee800000,0x00000000efa00000)
 ParOldGen       total 282624K, used 264586K [0x00000000c0000000, 0x00000000d1400000, 0x00000000eab00000)
  object space 282624K, 93% used [0x00000000c0000000,0x00000000d0262a10,0x00000000d1400000)
 Metaspace       used 54023K, committed 55104K, reserved 1114112K
  class space    used 5832K, committed 6336K, reserved 1048576K
}
Event: 9.530 GC heap before
{Heap before GC invocations=157 (full 9):
 PSYoungGen      total 53248K, used 52947K [0x00000000eab00000, 0x00000000efa00000, 0x0000000100000000)
  eden space 39936K, 100% used [0x00000000eab00000,0x00000000ed200000,0x00000000ed200000)
  from space 13312K, 97% used [0x00000000ed200000,0x00000000edeb4ce8,0x00000000edf00000)
  to   space 18432K, 0% used [0x00000000ee800000,0x00000000ee800000,0x00000000efa00000)
 ParOldGen       total 282624K, used 264596K [0x00000000c0000000, 0x00000000d1400000, 0x00000000eab00000)
  object space 282624K, 93% used [0x00000000c0000000,0x00000000d0265328,0x00000000d1400000)
 Metaspace       used 54059K, committed 55168K, reserved 1114112K
  class space    used 5837K, committed 6336K, reserved 1048576K
}
Event: 9.534 GC heap after
{Heap after GC invocations=157 (full 9):
 PSYoungGen      total 56832K, used 12684K [0x00000000eab00000, 0x00000000ef480000, 0x0000000100000000)
  eden space 44032K, 0% used [0x00000000eab00000,0x00000000eab00000,0x00000000ed600000)
  from space 12800K, 99% used [0x00000000ee800000,0x00000000ef4632c8,0x00000000ef480000)
  to   space 13824K, 0% used [0x00000000ed980000,0x00000000ed980000,0x00000000ee700000)
 ParOldGen       total 282624K, used 271050K [0x00000000c0000000, 0x00000000d1400000, 0x00000000eab00000)
  object space 282624K, 95% used [0x00000000c0000000,0x00000000d08b2a00,0x00000000d1400000)
 Metaspace       used 54059K, committed 55168K, reserved 1114112K
  class space    used 5837K, committed 6336K, reserved 1048576K
}
Event: 9.546 GC heap before
{Heap before GC invocations=158 (full 9):
 PSYoungGen      total 56832K, used 56716K [0x00000000eab00000, 0x00000000ef480000, 0x0000000100000000)
  eden space 44032K, 100% used [0x00000000eab00000,0x00000000ed600000,0x00000000ed600000)
  from space 12800K, 99% used [0x00000000ee800000,0x00000000ef4632c8,0x00000000ef480000)
  to   space 13824K, 0% used [0x00000000ed980000,0x00000000ed980000,0x00000000ee700000)
 ParOldGen       total 282624K, used 271052K [0x00000000c0000000, 0x00000000d1400000, 0x00000000eab00000)
  object space 282624K, 95% used [0x00000000c0000000,0x00000000d08b3398,0x00000000d1400000)
 Metaspace       used 54086K, committed 55168K, reserved 1114112K
  class space    used 5848K, committed 6336K, reserved 1048576K
}
Event: 9.552 GC heap after
{Heap after GC invocations=158 (full 9):
 PSYoungGen      total 52736K, used 4657K [0x00000000eab00000, 0x00000000eeb80000, 0x0000000100000000)
  eden space 47616K, 0% used [0x00000000eab00000,0x00000000eab00000,0x00000000ed980000)
  from space 5120K, 90% used [0x00000000ed980000,0x00000000ede0c520,0x00000000ede80000)
  to   space 8192K, 0% used [0x00000000ee380000,0x00000000ee380000,0x00000000eeb80000)
 ParOldGen       total 283648K, used 283503K [0x00000000c0000000, 0x00000000d1500000, 0x00000000eab00000)
  object space 283648K, 99% used [0x00000000c0000000,0x00000000d14dbd00,0x00000000d1500000)
 Metaspace       used 54086K, committed 55168K, reserved 1114112K
  class space    used 5848K, committed 6336K, reserved 1048576K
}
Event: 9.552 GC heap before
{Heap before GC invocations=159 (full 10):
 PSYoungGen      total 52736K, used 4657K [0x00000000eab00000, 0x00000000eeb80000, 0x0000000100000000)
  eden space 47616K, 0% used [0x00000000eab00000,0x00000000eab00000,0x00000000ed980000)
  from space 5120K, 90% used [0x00000000ed980000,0x00000000ede0c520,0x00000000ede80000)
  to   space 8192K, 0% used [0x00000000ee380000,0x00000000ee380000,0x00000000eeb80000)
 ParOldGen       total 283648K, used 283503K [0x00000000c0000000, 0x00000000d1500000, 0x00000000eab00000)
  object space 283648K, 99% used [0x00000000c0000000,0x00000000d14dbd00,0x00000000d1500000)
 Metaspace       used 54086K, committed 55168K, reserved 1114112K
  class space    used 5848K, committed 6336K, reserved 1048576K
}
Event: 9.731 GC heap after
{Heap after GC invocations=159 (full 10):
 PSYoungGen      total 52736K, used 2903K [0x00000000eab00000, 0x00000000eee80000, 0x0000000100000000)
  eden space 47616K, 0% used [0x00000000eab00000,0x00000000eab00000,0x00000000ed980000)
  from space 5120K, 56% used [0x00000000ed980000,0x00000000edc55ec8,0x00000000ede80000)
  to   space 8192K, 0% used [0x00000000ee680000,0x00000000ee680000,0x00000000eee80000)
 ParOldGen       total 346624K, used 283391K [0x00000000c0000000, 0x00000000d5280000, 0x00000000eab00000)
  object space 346624K, 81% used [0x00000000c0000000,0x00000000d14bfd90,0x00000000d5280000)
 Metaspace       used 54086K, committed 55168K, reserved 1114112K
  class space    used 5848K, committed 6336K, reserved 1048576K
}

