# JRE version: OpenJDK Runtime Environment Temurin-17.0.10+7 (17.0.10+7) (build 17.0.10+7)
# Java VM: OpenJDK 64-Bit Server VM Temurin-17.0.10+7 (17.0.10+7, mixed mode, tiered, compressed oops, compressed class ptrs, parallel gc, windows-amd64)
GC Precious Log:
 CPUs: 8 total, 8 available
 Memory: 7991M
 Large Page Support: Disabled
 NUMA Support: Disabled
 Compressed Oops: Enabled (32-bit)
 Alignments: Space 512K, Generation 512K, Heap 2M
 Heap Min Capacity: 100M
 Heap Initial Capacity: 100M
 Heap Max Capacity: 1G
 Pre-touch: Disabled
 Parallel Workers: 8
Heap:
 PSYoungGen      total 10240K, used 8457K [0x00000000eab00000, 0x00000000eb880000, 0x0000000100000000)
  eden space 6656K, 78% used [0x00000000eab00000,0x00000000eb020b70,0x00000000eb180000)
  from space 3584K, 89% used [0x00000000eb500000,0x00000000eb821b18,0x00000000eb880000)
  to   space 3584K, 0% used [0x00000000eb180000,0x00000000eb180000,0x00000000eb500000)
 ParOldGen       total 163840K, used 143843K [0x00000000c0000000, 0x00000000ca000000, 0x00000000eab00000)
  object space 163840K, 87% used [0x00000000c0000000,0x00000000c8c78c28,0x00000000ca000000)
 Metaspace       used 69821K, committed 71104K, reserved 1114112K
  class space    used 7357K, committed 7936K, reserved 1048576K
GC Heap History (20 events):
Event: 12.944 GC heap before
{Heap before GC invocations=251 (full 10):
 PSYoungGen      total 12288K, used 12272K [0x00000000eab00000, 0x00000000ebb80000, 0x0000000100000000)
  eden space 9216K, 100% used [0x00000000eab00000,0x00000000eb400000,0x00000000eb400000)
  from space 3072K, 99% used [0x00000000eb780000,0x00000000eba7c300,0x00000000eba80000)
  to   space 3584K, 0% used [0x00000000eb400000,0x00000000eb400000,0x00000000eb780000)
 ParOldGen       total 148480K, used 143902K [0x00000000c0000000, 0x00000000c9100000, 0x00000000eab00000)
  object space 148480K, 96% used [0x00000000c0000000,0x00000000c8c87ab0,0x00000000c9100000)
 Metaspace       used 68364K, committed 69696K, reserved 1114112K
  class space    used 7250K, committed 7872K, reserved 1048576K
}
Event: 12.947 GC heap after
{Heap after GC invocations=251 (full 10):
 PSYoungGen      total 12288K, used 2563K [0x00000000eab00000, 0x00000000eba00000, 0x0000000100000000)
  eden space 9216K, 0% used [0x00000000eab00000,0x00000000eab00000,0x00000000eb400000)
  from space 3072K, 83% used [0x00000000eb400000,0x00000000eb680d90,0x00000000eb700000)
  to   space 3072K, 0% used [0x00000000eb700000,0x00000000eb700000,0x00000000eba00000)
 ParOldGen       total 148480K, used 145810K [0x00000000c0000000, 0x00000000c9100000, 0x00000000eab00000)
  object space 148480K, 98% used [0x00000000c0000000,0x00000000c8e64ac0,0x00000000c9100000)
 Metaspace       used 68364K, committed 69696K, reserved 1114112K
  class space    used 7250K, committed 7872K, reserved 1048576K
}
Event: 13.148 GC heap before
{Heap before GC invocations=252 (full 10):
 PSYoungGen      total 12288K, used 11779K [0x00000000eab00000, 0x00000000eba00000, 0x0000000100000000)
  eden space 9216K, 100% used [0x00000000eab00000,0x00000000eb400000,0x00000000eb400000)
  from space 3072K, 83% used [0x00000000eb400000,0x00000000eb680d90,0x00000000eb700000)
  to   space 3072K, 0% used [0x00000000eb700000,0x00000000eb700000,0x00000000eba00000)
 ParOldGen       total 148480K, used 145810K [0x00000000c0000000, 0x00000000c9100000, 0x00000000eab00000)
  object space 148480K, 98% used [0x00000000c0000000,0x00000000c8e64ac0,0x00000000c9100000)
 Metaspace       used 68365K, committed 69696K, reserved 1114112K
  class space    used 7250K, committed 7872K, reserved 1048576K
}
Event: 13.151 GC heap after
{Heap after GC invocations=252 (full 10):
 PSYoungGen      total 10752K, used 3048K [0x00000000eab00000, 0x00000000ebd00000, 0x0000000100000000)
  eden space 7680K, 0% used [0x00000000eab00000,0x00000000eab00000,0x00000000eb280000)
  from space 3072K, 99% used [0x00000000eb700000,0x00000000eb9fa2b8,0x00000000eba00000)
  to   space 4608K, 0% used [0x00000000eb280000,0x00000000eb280000,0x00000000eb700000)
 ParOldGen       total 148480K, used 146801K [0x00000000c0000000, 0x00000000c9100000, 0x00000000eab00000)
  object space 148480K, 98% used [0x00000000c0000000,0x00000000c8f5c5a0,0x00000000c9100000)
 Metaspace       used 68365K, committed 69696K, reserved 1114112K
  class space    used 7250K, committed 7872K, reserved 1048576K
}
Event: 13.275 GC heap before
{Heap before GC invocations=253 (full 10):
 PSYoungGen      total 10752K, used 10728K [0x00000000eab00000, 0x00000000ebd00000, 0x0000000100000000)
  eden space 7680K, 100% used [0x00000000eab00000,0x00000000eb280000,0x00000000eb280000)
  from space 3072K, 99% used [0x00000000eb700000,0x00000000eb9fa2b8,0x00000000eba00000)
  to   space 4608K, 0% used [0x00000000eb280000,0x00000000eb280000,0x00000000eb700000)
 ParOldGen       total 148480K, used 146801K [0x00000000c0000000, 0x00000000c9100000, 0x00000000eab00000)
  object space 148480K, 98% used [0x00000000c0000000,0x00000000c8f5c5a0,0x00000000c9100000)
 Metaspace       used 68365K, committed 69696K, reserved 1114112K
  class space    used 7250K, committed 7872K, reserved 1048576K
}
Event: 13.276 GC heap after
{Heap after GC invocations=253 (full 10):
 PSYoungGen      total 10752K, used 2756K [0x00000000eab00000, 0x00000000eb980000, 0x0000000100000000)
  eden space 7680K, 0% used [0x00000000eab00000,0x00000000eab00000,0x00000000eb280000)
  from space 3072K, 89% used [0x00000000eb280000,0x00000000eb531008,0x00000000eb580000)
  to   space 3584K, 0% used [0x00000000eb600000,0x00000000eb600000,0x00000000eb980000)
 ParOldGen       total 148992K, used 148693K [0x00000000c0000000, 0x00000000c9180000, 0x00000000eab00000)
  object space 148992K, 99% used [0x00000000c0000000,0x00000000c9135458,0x00000000c9180000)
 Metaspace       used 68365K, committed 69696K, reserved 1114112K
  class space    used 7250K, committed 7872K, reserved 1048576K
}
Event: 13.276 GC heap before
{Heap before GC invocations=254 (full 11):
 PSYoungGen      total 10752K, used 2756K [0x00000000eab00000, 0x00000000eb980000, 0x0000000100000000)
  eden space 7680K, 0% used [0x00000000eab00000,0x00000000eab00000,0x00000000eb280000)
  from space 3072K, 89% used [0x00000000eb280000,0x00000000eb531008,0x00000000eb580000)
  to   space 3584K, 0% used [0x00000000eb600000,0x00000000eb600000,0x00000000eb980000)
 ParOldGen       total 148992K, used 148693K [0x00000000c0000000, 0x00000000c9180000, 0x00000000eab00000)
  object space 148992K, 99% used [0x00000000c0000000,0x00000000c9135458,0x00000000c9180000)
 Metaspace       used 68365K, committed 69696K, reserved 1114112K
  class space    used 7250K, committed 7872K, reserved 1048576K
}
Event: 13.340 GC heap after
{Heap after GC invocations=254 (full 11):
 PSYoungGen      total 11264K, used 0K [0x00000000eab00000, 0x00000000eb980000, 0x0000000100000000)
  eden space 7680K, 0% used [0x00000000eab00000,0x00000000eab00000,0x00000000eb280000)
  from space 3584K, 0% used [0x00000000eb600000,0x00000000eb600000,0x00000000eb980000)
  to   space 3584K, 0% used [0x00000000eb280000,0x00000000eb280000,0x00000000eb600000)
 ParOldGen       total 163840K, used 140723K [0x00000000c0000000, 0x00000000ca000000, 0x00000000eab00000)
  object space 163840K, 85% used [0x00000000c0000000,0x00000000c896cfb0,0x00000000ca000000)
 Metaspace       used 68365K, committed 69696K, reserved 1114112K
  class space    used 7250K, committed 7872K, reserved 1048576K
}
Event: 13.410 GC heap before
{Heap before GC invocations=255 (full 11):
 PSYoungGen      total 11264K, used 7680K [0x00000000eab00000, 0x00000000eb980000, 0x0000000100000000)
  eden space 7680K, 100% used [0x00000000eab00000,0x00000000eb280000,0x00000000eb280000)
  from space 3584K, 0% used [0x00000000eb600000,0x00000000eb600000,0x00000000eb980000)
  to   space 3584K, 0% used [0x00000000eb280000,0x00000000eb280000,0x00000000eb600000)
 ParOldGen       total 163840K, used 140723K [0x00000000c0000000, 0x00000000ca000000, 0x00000000eab00000)
  object space 163840K, 85% used [0x00000000c0000000,0x00000000c896cfb0,0x00000000ca000000)
 Metaspace       used 68365K, committed 69696K, reserved 1114112K
  class space    used 7250K, committed 7872K, reserved 1048576K
}
Event: 13.412 GC heap after
{Heap after GC invocations=255 (full 11):
 PSYoungGen      total 9216K, used 1522K [0x00000000eab00000, 0x00000000eb780000, 0x0000000100000000)
  eden space 7680K, 0% used [0x00000000eab00000,0x00000000eab00000,0x00000000eb280000)
  from space 1536K, 99% used [0x00000000eb280000,0x00000000eb3fc938,0x00000000eb400000)
  to   space 2560K, 0% used [0x00000000eb500000,0x00000000eb500000,0x00000000eb780000)
 ParOldGen       total 163840K, used 140723K [0x00000000c0000000, 0x00000000ca000000, 0x00000000eab00000)
  object space 163840K, 85% used [0x00000000c0000000,0x00000000c896cfb0,0x00000000ca000000)
 Metaspace       used 68365K, committed 69696K, reserved 1114112K
  class space    used 7250K, committed 7872K, reserved 1048576K
}
Event: 13.614 GC heap before
{Heap before GC invocations=256 (full 11):
 PSYoungGen      total 9216K, used 9202K [0x00000000eab00000, 0x00000000eb780000, 0x0000000100000000)
  eden space 7680K, 100% used [0x00000000eab00000,0x00000000eb280000,0x00000000eb280000)
  from space 1536K, 99% used [0x00000000eb280000,0x00000000eb3fc938,0x00000000eb400000)
  to   space 2560K, 0% used [0x00000000eb500000,0x00000000eb500000,0x00000000eb780000)
 ParOldGen       total 163840K, used 140723K [0x00000000c0000000, 0x00000000ca000000, 0x00000000eab00000)
  object space 163840K, 85% used [0x00000000c0000000,0x00000000c896cfb0,0x00000000ca000000)
 Metaspace       used 68365K, committed 69696K, reserved 1114112K
  class space    used 7250K, committed 7872K, reserved 1048576K
}
Event: 13.615 GC heap after
{Heap after GC invocations=256 (full 11):
 PSYoungGen      total 9216K, used 2531K [0x00000000eab00000, 0x00000000eb980000, 0x0000000100000000)
  eden space 6656K, 0% used [0x00000000eab00000,0x00000000eab00000,0x00000000eb180000)
  from space 2560K, 98% used [0x00000000eb500000,0x00000000eb778c58,0x00000000eb780000)
  to   space 3584K, 0% used [0x00000000eb180000,0x00000000eb180000,0x00000000eb500000)
 ParOldGen       total 163840K, used 141172K [0x00000000c0000000, 0x00000000ca000000, 0x00000000eab00000)
  object space 163840K, 86% used [0x00000000c0000000,0x00000000c89dd250,0x00000000ca000000)
 Metaspace       used 68365K, committed 69696K, reserved 1114112K
  class space    used 7250K, committed 7872K, reserved 1048576K
}
Event: 13.729 GC heap before
{Heap before GC invocations=257 (full 11):
 PSYoungGen      total 9216K, used 9184K [0x00000000eab00000, 0x00000000eb980000, 0x0000000100000000)
  eden space 6656K, 99% used [0x00000000eab00000,0x00000000eb17f558,0x00000000eb180000)
  from space 2560K, 98% used [0x00000000eb500000,0x00000000eb778c58,0x00000000eb780000)
  to   space 3584K, 0% used [0x00000000eb180000,0x00000000eb180000,0x00000000eb500000)
 ParOldGen       total 163840K, used 141172K [0x00000000c0000000, 0x00000000ca000000, 0x00000000eab00000)
  object space 163840K, 86% used [0x00000000c0000000,0x00000000c89dd250,0x00000000ca000000)
 Metaspace       used 68365K, committed 69696K, reserved 1114112K
  class space    used 7250K, committed 7872K, reserved 1048576K
}
Event: 13.730 GC heap after
{Heap after GC invocations=257 (full 11):
 PSYoungGen      total 10240K, used 3561K [0x00000000eab00000, 0x00000000eb980000, 0x0000000100000000)
  eden space 6656K, 0% used [0x00000000eab00000,0x00000000eab00000,0x00000000eb180000)
  from space 3584K, 99% used [0x00000000eb180000,0x00000000eb4fa698,0x00000000eb500000)
  to   space 4096K, 0% used [0x00000000eb580000,0x00000000eb580000,0x00000000eb980000)
 ParOldGen       total 163840K, used 141353K [0x00000000c0000000, 0x00000000ca000000, 0x00000000eab00000)
  object space 163840K, 86% used [0x00000000c0000000,0x00000000c8a0a7e8,0x00000000ca000000)
 Metaspace       used 68365K, committed 69696K, reserved 1114112K
  class space    used 7250K, committed 7872K, reserved 1048576K
}
Event: 13.830 GC heap before
{Heap before GC invocations=258 (full 11):
 PSYoungGen      total 10240K, used 10217K [0x00000000eab00000, 0x00000000eb980000, 0x0000000100000000)
  eden space 6656K, 100% used [0x00000000eab00000,0x00000000eb180000,0x00000000eb180000)
  from space 3584K, 99% used [0x00000000eb180000,0x00000000eb4fa698,0x00000000eb500000)
  to   space 4096K, 0% used [0x00000000eb580000,0x00000000eb580000,0x00000000eb980000)
 ParOldGen       total 163840K, used 141353K [0x00000000c0000000, 0x00000000ca000000, 0x00000000eab00000)
  object space 163840K, 86% used [0x00000000c0000000,0x00000000c8a0a7e8,0x00000000ca000000)
 Metaspace       used 68411K, committed 69760K, reserved 1114112K
  class space    used 7250K, committed 7872K, reserved 1048576K
}
Event: 13.832 GC heap after
{Heap after GC invocations=258 (full 11):
 PSYoungGen      total 9728K, used 2710K [0x00000000eab00000, 0x00000000eb880000, 0x0000000100000000)
  eden space 6656K, 0% used [0x00000000eab00000,0x00000000eab00000,0x00000000eb180000)
  from space 3072K, 88% used [0x00000000eb580000,0x00000000eb825808,0x00000000eb880000)
  to   space 3584K, 0% used [0x00000000eb180000,0x00000000eb180000,0x00000000eb500000)
 ParOldGen       total 163840K, used 143843K [0x00000000c0000000, 0x00000000ca000000, 0x00000000eab00000)
  object space 163840K, 87% used [0x00000000c0000000,0x00000000c8c78c28,0x00000000ca000000)
 Metaspace       used 68411K, committed 69760K, reserved 1114112K
  class space    used 7250K, committed 7872K, reserved 1048576K
}
Event: 13.970 GC heap before
{Heap before GC invocations=259 (full 11):
 PSYoungGen      total 9728K, used 9366K [0x00000000eab00000, 0x00000000eb880000, 0x0000000100000000)
  eden space 6656K, 99% used [0x00000000eab00000,0x00000000eb17fff8,0x00000000eb180000)
  from space 3072K, 88% used [0x00000000eb580000,0x00000000eb825808,0x00000000eb880000)
  to   space 3584K, 0% used [0x00000000eb180000,0x00000000eb180000,0x00000000eb500000)
 ParOldGen       total 163840K, used 143843K [0x00000000c0000000, 0x00000000ca000000, 0x00000000eab00000)
  object space 163840K, 87% used [0x00000000c0000000,0x00000000c8c78c28,0x00000000ca000000)
 Metaspace       used 69026K, committed 70272K, reserved 1114112K
  class space    used 7286K, committed 7872K, reserved 1048576K
}
Event: 13.971 GC heap after
{Heap after GC invocations=259 (full 11):
 PSYoungGen      total 10240K, used 3400K [0x00000000eab00000, 0x00000000eb880000, 0x0000000100000000)
  eden space 6656K, 0% used [0x00000000eab00000,0x00000000eab00000,0x00000000eb180000)
  from space 3584K, 94% used [0x00000000eb180000,0x00000000eb4d21a0,0x00000000eb500000)
  to   space 3584K, 0% used [0x00000000eb500000,0x00000000eb500000,0x00000000eb880000)
 ParOldGen       total 163840K, used 143843K [0x00000000c0000000, 0x00000000ca000000, 0x00000000eab00000)
  object space 163840K, 87% used [0x00000000c0000000,0x00000000c8c78c28,0x00000000ca000000)
 Metaspace       used 69026K, committed 70272K, reserved 1114112K
  class space    used 7286K, committed 7872K, reserved 1048576K
}
Event: 14.097 GC heap before
{Heap before GC invocations=260 (full 11):
 PSYoungGen      total 10240K, used 10056K [0x00000000eab00000, 0x00000000eb880000, 0x0000000100000000)
  eden space 6656K, 100% used [0x00000000eab00000,0x00000000eb180000,0x00000000eb180000)
  from space 3584K, 94% used [0x00000000eb180000,0x00000000eb4d21a0,0x00000000eb500000)
  to   space 3584K, 0% used [0x00000000eb500000,0x00000000eb500000,0x00000000eb880000)
 ParOldGen       total 163840K, used 143843K [0x00000000c0000000, 0x00000000ca000000, 0x00000000eab00000)
  object space 163840K, 87% used [0x00000000c0000000,0x00000000c8c78c28,0x00000000ca000000)
 Metaspace       used 69752K, committed 71040K, reserved 1114112K
  class space    used 7347K, committed 7936K, reserved 1048576K
}
Event: 14.099 GC heap after
{Heap after GC invocations=260 (full 11):
 PSYoungGen      total 10240K, used 3206K [0x00000000eab00000, 0x00000000eb880000, 0x0000000100000000)
  eden space 6656K, 0% used [0x00000000eab00000,0x00000000eab00000,0x00000000eb180000)
  from space 3584K, 89% used [0x00000000eb500000,0x00000000eb821b18,0x00000000eb880000)
  to   space 3584K, 0% used [0x00000000eb180000,0x00000000eb180000,0x00000000eb500000)
 ParOldGen       total 163840K, used 143843K [0x00000000c0000000, 0x00000000ca000000, 0x00000000eab00000)
  object space 163840K, 87% used [0x00000000c0000000,0x00000000c8c78c28,0x00000000ca000000)
 Metaspace       used 69752K, committed 71040K, reserved 1114112K
  class space    used 7347K, committed 7936K, reserved 1048576K
}

